<?xml version="1.0" encoding="UTF-8"?>
<!-- Generated by org.testng.reporters.JUnitXMLReporter -->
<testsuite ignored="0" hostname="Z1-471" failures="0" tests="3" name="Default test" time="0.213" errors="0" timestamp="2022-05-11T17:06:18 IST">
  <testcase classname="com.crm.comcast.contactsTest.ContactTest" name="createcontactTest" time="0.023"/>
  <testcase classname="com.crm.comcast.contactsTest.ContactTest" name="deletecontactTest" time="0.009"/>
  <testcase classname="com.crm.comcast.contactsTest.ContactTest" name="editcontactTest" time="0.021"/>
</testsuite> <!-- Default test -->
