<?xml version="1.0" encoding="UTF-8"?>
<!-- Generated by org.testng.reporters.JUnitXMLReporter -->
<testsuite ignored="0" hostname="Z1-471" failures="0" tests="3" name="Default test" time="0.25" errors="0" timestamp="2022-05-10T14:25:20 IST">
  <testcase classname="com.crm.comcast.organizationTest.OrganizationTest" name="createorgTest" time="0.026"/>
  <testcase classname="com.crm.comcast.organizationTest.OrganizationTest" name="deleteorgTest" time="0.011"/>
  <testcase classname="com.crm.comcast.organizationTest.OrganizationTest" name="editorgTest" time="0.011"/>
</testsuite> <!-- Default test -->
