<?xml version="1.0" encoding="UTF-8"?>
<!-- Generated by org.testng.reporters.JUnitXMLReporter -->
<testsuite ignored="4" hostname="Z1-471" failures="0" tests="2" name="Test" time="0.201" errors="0" timestamp="2022-05-10T17:02:19 IST">
  <testcase classname="com.crm.comcast.contactsTest.ContactTest" name="createcontactTest" time="0.032"/>
  <testcase classname="com.crm.comcast.organizationTest.OrganizationTest" name="createorgTest" time="0.009"/>
  <testcase classname="com.crm.comcast.organizationTest.OrganizationTest" name="editorgTest" time="0.0">
    <ignored/>
  </testcase> <!-- editorgTest -->
  <testcase classname="com.crm.comcast.contactsTest.ContactTest" name="editcontactTest" time="0.0">
    <ignored/>
  </testcase> <!-- editcontactTest -->
  <testcase classname="com.crm.comcast.contactsTest.ContactTest" name="deletecontactTest" time="0.0">
    <ignored/>
  </testcase> <!-- deletecontactTest -->
  <testcase classname="com.crm.comcast.organizationTest.OrganizationTest" name="deleteorgTest" time="0.0">
    <ignored/>
  </testcase> <!-- deleteorgTest -->
</testsuite> <!-- Test -->
