<?xml version="1.0" encoding="UTF-8"?>
<testng-results ignored="0" total="3" passed="3" failed="0" skipped="0">
  <reporter-output>
  </reporter-output>
  <suite started-at="2022-05-11T17:06:17 IST" name="Default suite" finished-at="2022-05-11T17:06:17 IST" duration-ms="213">
    <groups>
      <group name="SmokeTest">
        <method signature="ContactTest.createcontactTest()[pri:0, instance:com.crm.comcast.contactsTest.ContactTest@77eca502]" name="createcontactTest" class="com.crm.comcast.contactsTest.ContactTest"/>
      </group> <!-- SmokeTest -->
      <group name="RegressionTest">
        <method signature="ContactTest.deletecontactTest()[pri:0, instance:com.crm.comcast.contactsTest.ContactTest@77eca502]" name="deletecontactTest" class="com.crm.comcast.contactsTest.ContactTest"/>
        <method signature="ContactTest.editcontactTest()[pri:0, instance:com.crm.comcast.contactsTest.ContactTest@77eca502]" name="editcontactTest" class="com.crm.comcast.contactsTest.ContactTest"/>
      </group> <!-- RegressionTest -->
    </groups>
    <test started-at="2022-05-11T17:06:17 IST" name="Default test" finished-at="2022-05-11T17:06:17 IST" duration-ms="213">
      <class name="com.crm.comcast.contactsTest.ContactTest">
        <test-method signature="createcontactTest()[pri:0, instance:com.crm.comcast.contactsTest.ContactTest@77eca502]" started-at="2022-05-11T17:06:17 IST" name="createcontactTest" finished-at="2022-05-11T17:06:17 IST" duration-ms="23" status="PASS">
          <reporter-output>
          </reporter-output>
        </test-method> <!-- createcontactTest -->
        <test-method signature="deletecontactTest()[pri:0, instance:com.crm.comcast.contactsTest.ContactTest@77eca502]" started-at="2022-05-11T17:06:17 IST" name="deletecontactTest" finished-at="2022-05-11T17:06:17 IST" duration-ms="9" status="PASS">
          <reporter-output>
          </reporter-output>
        </test-method> <!-- deletecontactTest -->
        <test-method signature="editcontactTest()[pri:0, instance:com.crm.comcast.contactsTest.ContactTest@77eca502]" started-at="2022-05-11T17:06:17 IST" name="editcontactTest" finished-at="2022-05-11T17:06:17 IST" duration-ms="21" status="PASS">
          <reporter-output>
          </reporter-output>
        </test-method> <!-- editcontactTest -->
      </class> <!-- com.crm.comcast.contactsTest.ContactTest -->
    </test> <!-- Default test -->
  </suite> <!-- Default suite -->
</testng-results>
